#
# A fatal error has been detected by the Java Runtime Environment:
#
#  EXCEPTION_ACCESS_VIOLATION (0xc0000005) at pc=0x0000000066fac0be, pid=13152, tid=0x0000000000001b10
#
# JRE version: OpenJDK Runtime Environment (8.0_152-b06) (build 1.8.0_152-release-1136-b06)
# Java VM: OpenJDK 64-Bit Server VM (25.152-b06 mixed mode windows-amd64 compressed oops)
# Problematic frame:
# C  [msvcr100.dll+0x3c0be]
#
# Failed to write core dump. Minidumps are not enabled by default on client versions of Windows
#
# If you would like to submit a bug report, please visit:
#   http://bugreport.java.com/bugreport/crash.jsp
#

---------------  T H R E A D  ---------------

Current thread (0x000000000315c000):  GCTaskThread [stack: 0x0000000012e10000,0x0000000012f10000] [id=6928]

siginfo: ExceptionCode=0xc0000005, reading address 0x00000000f3200000

Registers:
RAX=0x0000000000000037, RBX=0x00000000ea841d90, RCX=0x00000000ad5bc5c0, RDX=0x0000000045c43a50
RSP=0x0000000012f0f5b8, RBP=0x0000000002ccb683, RSI=0x0000000016b73780, RDI=0x00000000a4bfe340
R8 =0x000000000dc9d418, R9 =0x0072006300200074, R10=0x0065007400610065, R11=0x00000000a4bfe340
R12=0x00000000681762c8, R13=0x0000000000000001, R14=0x0000000000000001, R15=0x000000000315c760
RIP=0x0000000066fac0be, EFLAGS=0x0000000000010206

Top of Stack: (sp=0x0000000012f0f5b8)
0x0000000012f0f5b8:   0000000067b619a3 0000000002ccb683
0x0000000012f0f5c8:   0000000002ccb683 0000000016b73780
0x0000000012f0f5d8:   0000000000000001 0000000000000000
0x0000000012f0f5e8:   0000000067f2cb06 00000000ea841d90
0x0000000012f0f5f8:   0000000002ccb683 0000000016b73780
0x0000000012f0f608:   0000000067c26f90 00000000f0d38040
0x0000000012f0f618:   0000000067f2d17b 0000000000000000
0x0000000012f0f628:   00000000031525b0 0000000000000000
0x0000000012f0f638:   0000000003152501 00000000681762c8
0x0000000012f0f648:   0000000067f2cda0 00000000f0c58838
0x0000000012f0f658:   0000000000000000 0000000016b73780
0x0000000012f0f668:   00000000242e1990 00000000f0c58838
0x0000000012f0f678:   0000000067f2d775 00000000ea850c40
0x0000000012f0f688:   0000000067efc813 00000000f0c58848
0x0000000012f0f698:   0000000067c4d903 00000000f0c58839
0x0000000012f0f6a8:   00000000f0c58839 0000549200003e8f 

Instructions: (pc=0x0000000066fac0be)
0x0000000066fac09e:   c3 49 10 4c 0f c3 51 18 4c 8b 4c 0a 20 4c 8b 54
0x0000000066fac0ae:   0a 28 48 83 c1 40 4c 0f c3 49 e0 4c 0f c3 51 e8
0x0000000066fac0be:   4c 8b 4c 0a f0 4c 8b 54 0a f8 ff c8 4c 0f c3 49
0x0000000066fac0ce:   f0 4c 0f c3 51 f8 75 aa 49 81 e8 00 10 00 00 49 


Register to memory mapping:

RAX=0x0000000000000037 is an unknown value
RBX=0x00000000ea841d90 is an oop

[error occurred during error reporting (printing register info), id 0xc0000005]

Stack: [0x0000000012e10000,0x0000000012f10000],  sp=0x0000000012f0f5b8,  free space=1021k
Native frames: (J=compiled Java code, j=interpreted, Vv=VM code, C=native code)
C  [msvcr100.dll+0x3c0be]
V  [jvm.dll+0x19a3]
V  [jvm.dll+0x3ccb06]
V  [jvm.dll+0x3ccda0]
V  [jvm.dll+0x3cd775]
V  [jvm.dll+0x3d00a1]
V  [jvm.dll+0x3bec9e]
V  [jvm.dll+0x26d9aa]
C  [msvcr100.dll+0x21d9f]
C  [msvcr100.dll+0x21e3b]
C  [KERNEL32.DLL+0x13034]
C  [ntdll.dll+0x71461]


---------------  P R O C E S S  ---------------

Java Threads: ( => current thread )
  0x000000001f191800 JavaThread "ForkJoinPool-284-worker-0" daemon [_thread_blocked, id=9440, stack(0x000000006f4b0000,0x000000006f5b0000)]
  0x000000001f192800 JavaThread "ForkJoinPool-284-worker-3" daemon [_thread_blocked, id=9736, stack(0x000000006f3b0000,0x000000006f4b0000)]
  0x000000001f18f800 JavaThread "ForkJoinPool-284-worker-2" daemon [_thread_blocked, id=11352, stack(0x000000006f2b0000,0x000000006f3b0000)]
  0x000000001f18e800 JavaThread "ForkJoinPool-284-worker-1" daemon [_thread_blocked, id=3180, stack(0x000000006f1b0000,0x000000006f2b0000)]
  0x0000000021451800 JavaThread "ForkJoinPool.commonPool-worker-1" daemon [_thread_blocked, id=2508, stack(0x000000006f0b0000,0x000000006f1b0000)]
  0x0000000021457800 JavaThread "ForkJoinPool.commonPool-worker-0" daemon [_thread_blocked, id=5436, stack(0x000000006efb0000,0x000000006f0b0000)]
  0x0000000021457000 JavaThread "Cache worker for Java compile cache (C:\Users\Yura\AndroidStudioProjects\LayoutInflater\.gradle\4.6\javaCompile)" [_thread_blocked, id=7144, stack(0x000000006eeb0000,0x000000006efb0000)]
  0x000000001c215800 JavaThread "Task worker for ':' Thread 3" [_thread_blocked, id=12808, stack(0x000000006edb0000,0x000000006eeb0000)]
  0x000000001c214800 JavaThread "Task worker for ':' Thread 2" [_thread_blocked, id=9784, stack(0x000000006ecb0000,0x000000006edb0000)]
  0x000000001c20b000 JavaThread "Task worker for ':'" [_thread_blocked, id=3080, stack(0x000000006ebb0000,0x000000006ecb0000)]
  0x000000001c210000 JavaThread "Cache worker for Build Output Cleanup Cache (C:\Users\Yura\AndroidStudioProjects\LayoutInflater\.gradle\buildOutputCleanup)" [_thread_blocked, id=11252, stack(0x000000006eab0000,0x000000006ebb0000)]
  0x000000001c208800 JavaThread "Cache worker for task history cache (C:\Users\Yura\AndroidStudioProjects\LayoutInflater\.gradle\4.6\taskHistory)" [_thread_blocked, id=12804, stack(0x000000006e9b0000,0x000000006eab0000)]
  0x000000001c20f800 JavaThread "Cache worker for file content cache (C:\Users\Yura\AndroidStudioProjects\LayoutInflater\.gradle\4.6\fileContent)" [_thread_blocked, id=12348, stack(0x000000006e8b0000,0x000000006e9b0000)]
  0x000000001c208000 JavaThread "Build operations Thread 4" [_thread_blocked, id=13008, stack(0x000000006e7b0000,0x000000006e8b0000)]
  0x000000001c20e800 JavaThread "Build operations Thread 3" [_thread_blocked, id=1916, stack(0x000000006e6b0000,0x000000006e7b0000)]
  0x000000001c207000 JavaThread "Build operations Thread 2" [_thread_blocked, id=1076, stack(0x000000006e5b0000,0x000000006e6b0000)]
  0x000000001c20a000 JavaThread "Build operations" [_thread_blocked, id=5144, stack(0x000000006e4b0000,0x000000006e5b0000)]
  0x000000001c20d000 JavaThread "Cache worker for Artifact transforms cache (C:\Users\Yura\.gradle\caches\transforms-1)" [_thread_blocked, id=10220, stack(0x000000006e3b0000,0x000000006e4b0000)]
  0x000000001c20b800 JavaThread "Cache worker for file hash cache (C:\Users\Yura\AndroidStudioProjects\LayoutInflater\.gradle\4.6\fileHashes)" [_thread_blocked, id=2756, stack(0x000000006e2b0000,0x000000006e3b0000)]
  0x000000001b3e1800 JavaThread "Stdin handler" [_thread_blocked, id=2736, stack(0x000000006e1b0000,0x000000006e2b0000)]
  0x000000001b3de800 JavaThread "Asynchronous log dispatcher for DefaultDaemonConnection: socket connection from /127.0.0.1:51125 to /127.0.0.1:62100" [_thread_blocked, id=10256, stack(0x000000006e0b0000,0x000000006e1b0000)]
  0x000000001b3e0000 JavaThread "Daemon worker Thread 37" [_thread_blocked, id=10516, stack(0x000000006dfb0000,0x000000006e0b0000)]
  0x000000001b3df000 JavaThread "Cancel handler" [_thread_blocked, id=12864, stack(0x000000006deb0000,0x000000006dfb0000)]
  0x000000001b3e0800 JavaThread "Handler for socket connection from /127.0.0.1:51125 to /127.0.0.1:62100" [_thread_in_native, id=5916, stack(0x000000006ddb0000,0x000000006deb0000)]
  0x000000001b3db800 JavaThread "Daemon Thread 37" [_thread_blocked, id=6160, stack(0x000000006dcb0000,0x000000006ddb0000)]
  0x000000002144a000 JavaThread "MarlinRenderer Disposer" daemon [_thread_blocked, id=12388, stack(0x000000003c880000,0x000000003c980000)]
  0x0000000021449000 JavaThread "Java2D Disposer" daemon [_thread_blocked, id=8996, stack(0x000000003c780000,0x000000003c880000)]
  0x000000002144b800 JavaThread "pool-1-thread-1" [_thread_blocked, id=11640, stack(0x00000000257b0000,0x00000000258b0000)]
  0x000000001b3dc000 JavaThread "Memory manager" [_thread_blocked, id=11948, stack(0x000000001ffc0000,0x00000000200c0000)]
  0x0000000019046000 JavaThread "File lock request listener" [_thread_in_native, id=10260, stack(0x000000001c620000,0x000000001c720000)]
  0x00000000186c0000 JavaThread "Cache worker for file hash cache (C:\Users\Yura\.gradle\caches\4.6\fileHashes)" [_thread_blocked, id=1000, stack(0x000000001c520000,0x000000001c620000)]
  0x0000000019b4f000 JavaThread "Daemon periodic checks" [_thread_blocked, id=11544, stack(0x000000001aa50000,0x000000001ab50000)]
  0x000000001995f800 JavaThread "Incoming local TCP Connector on port 51125" [_thread_in_native, id=11608, stack(0x000000001a810000,0x000000001a910000)]
  0x0000000018521800 JavaThread "Service Thread" daemon [_thread_blocked, id=3364, stack(0x0000000018900000,0x0000000018a00000)]
  0x0000000016bb7800 JavaThread "C1 CompilerThread2" daemon [_thread_blocked, id=1532, stack(0x0000000018400000,0x0000000018500000)]
  0x0000000016bae800 JavaThread "C2 CompilerThread1" daemon [_thread_blocked, id=2844, stack(0x0000000018300000,0x0000000018400000)]
  0x0000000016baa000 JavaThread "C2 CompilerThread0" daemon [_thread_blocked, id=9336, stack(0x0000000018200000,0x0000000018300000)]
  0x0000000016ba8800 JavaThread "Attach Listener" daemon [_thread_blocked, id=3900, stack(0x0000000018100000,0x0000000018200000)]
  0x0000000016bb6000 JavaThread "Signal Dispatcher" daemon [_thread_blocked, id=13164, stack(0x0000000018000000,0x0000000018100000)]
  0x000000000323c000 JavaThread "Finalizer" daemon [_thread_blocked, id=11428, stack(0x0000000017e00000,0x0000000017f00000)]
  0x0000000003231800 JavaThread "Reference Handler" daemon [_thread_blocked, id=3060, stack(0x0000000017d00000,0x0000000017e00000)]
  0x000000000111e000 JavaThread "main" [_thread_blocked, id=13104, stack(0x0000000002f40000,0x0000000003040000)]

Other Threads:
  0x0000000016b74800 VMThread [stack: 0x0000000017c00000,0x0000000017d00000] [id=12420]
  0x0000000016c0e800 WatcherThread [stack: 0x0000000018a00000,0x0000000018b00000] [id=12256]

=>0x000000000315c000 (exited) GCTaskThread [stack: 0x0000000012e10000,0x0000000012f10000] [id=6928]

VM state:at safepoint (normal execution)

VM Mutex/Monitor currently owned by a thread:  ([mutex/lock_event])
[0x000000000111d180] Threads_lock - owner thread: 0x0000000016b74800
[0x000000000111d500] Heap_lock - owner thread: 0x000000001f192800

Heap:
 PSYoungGen      total 232448K, used 230352K [0x00000000e0000000, 0x00000000f3200000, 0x0000000100000000)
  eden space 223744K, 99% used [0x00000000e0000000,0x00000000ed8b9218,0x00000000eda80000)
  from space 8704K, 96% used [0x00000000f2980000,0x00000000f31bafd0,0x00000000f3200000)
  to   space 32256K, 83% used [0x00000000ef300000,0x00000000f0d40040,0x00000000f1280000)
 ParOldGen       total 488960K, used 444773K [0x00000000a0000000, 0x00000000bdd80000, 0x00000000e0000000)
  object space 488960K, 90% used [0x00000000a0000000,0x00000000bb259758,0x00000000bdd80000)
 Metaspace       used 96758K, capacity 103254K, committed 103424K, reserved 1138688K
  class space    used 12042K, capacity 13273K, committed 13312K, reserved 1048576K

Card table byte_map: [0x0000000012600000,0x0000000012910000] byte_map_base: 0x0000000012100000

Marking Bits: (ParMarkBitMap*) 0x0000000068325aa0
 Begin Bits: [0x0000000012f10000, 0x0000000014710000)
 End Bits:   [0x0000000014710000, 0x0000000015f10000)

Polling page: 0x0000000001100000

CodeCache: size=245760Kb used=75733Kb max_used=75746Kb free=170026Kb
 bounds [0x0000000003240000, 0x0000000007cd0000, 0x0000000012240000]
 total_blobs=22312 nmethods=21327 adapters=897
 compilation: enabled

Compilation events (10 events):
Event: 12915.635 Thread 0x0000000016bb7800 28457       3       com.android.tools.r8.code.DivInt2Addr::<init> (7 bytes)
Event: 12915.636 Thread 0x0000000016bb7800 nmethod 28457 0x0000000007cac0d0 code [0x0000000007cac240, 0x0000000007cac590]
Event: 12915.637 Thread 0x0000000016bb7800 28458       3       com.android.tools.r8.code.SubLong2Addr::<init> (7 bytes)
Event: 12915.637 Thread 0x0000000016bb7800 nmethod 28458 0x0000000007cab9d0 code [0x0000000007cabb40, 0x0000000007cabe90]
Event: 12915.745 Thread 0x0000000016baa000 28459       4       com.android.tools.r8.code.MoveResultWide::collectIndexedItems (8 bytes)
Event: 12915.746 Thread 0x0000000016baa000 nmethod 28459 0x00000000051b4050 code [0x00000000051b4180, 0x00000000051b41d8]
Event: 12915.818 Thread 0x0000000016baa000 28460 %     4       com.android.tools.r8.graph.ProgramClassVisitor::run @ 8 (33 bytes)
Event: 12915.820 Thread 0x0000000016baa000 nmethod 28460% 0x000000000347bc10 code [0x000000000347bd60, 0x000000000347bee8]
Event: 12915.846 Thread 0x0000000016baa000 28461 %     4       com.android.tools.r8.dex.FileWriter::checkInterfaceMethods @ 87 (120 bytes)
Event: 12915.859 Thread 0x0000000016baa000 nmethod 28461% 0x0000000007cae690 code [0x0000000007cae800, 0x0000000007caee48]

GC Heap History (10 events):
Event: 12099.971 GC heap after
Heap after GC invocations=56 (full 4):
 PSYoungGen      total 269312K, used 5145K [0x00000000e0000000, 0x00000000f6200000, 0x0000000100000000)
  eden space 263680K, 0% used [0x00000000e0000000,0x00000000e0000000,0x00000000f0180000)
  from space 5632K, 91% used [0x00000000f5c80000,0x00000000f6186518,0x00000000f6200000)
  to   space 29696K, 0% used [0x00000000f2800000,0x00000000f2800000,0x00000000f4500000)
 ParOldGen       total 121856K, used 77559K [0x00000000a0000000, 0x00000000a7700000, 0x00000000e0000000)
  object space 121856K, 63% used [0x00000000a0000000,0x00000000a4bbde98,0x00000000a7700000)
 Metaspace       used 96491K, capacity 102974K, committed 103168K, reserved 1138688K
  class space    used 12040K, capacity 13273K, committed 13312K, reserved 1048576K
}
Event: 12282.118 GC heap before
{Heap before GC invocations=57 (full 4):
 PSYoungGen      total 269312K, used 268825K [0x00000000e0000000, 0x00000000f6200000, 0x0000000100000000)
  eden space 263680K, 100% used [0x00000000e0000000,0x00000000f0180000,0x00000000f0180000)
  from space 5632K, 91% used [0x00000000f5c80000,0x00000000f6186518,0x00000000f6200000)
  to   space 29696K, 0% used [0x00000000f2800000,0x00000000f2800000,0x00000000f4500000)
 ParOldGen       total 121856K, used 77559K [0x00000000a0000000, 0x00000000a7700000, 0x00000000e0000000)
  object space 121856K, 63% used [0x00000000a0000000,0x00000000a4bbde98,0x00000000a7700000)
 Metaspace       used 96574K, capacity 103038K, committed 103168K, reserved 1138688K
  class space    used 12040K, capacity 13273K, committed 13312K, reserved 1048576K
Event: 12282.157 GC heap after
Heap after GC invocations=57 (full 4):
 PSYoungGen      total 260096K, used 6665K [0x00000000e0000000, 0x00000000f5d00000, 0x0000000100000000)
  eden space 252928K, 0% used [0x00000000e0000000,0x00000000e0000000,0x00000000ef700000)
  from space 7168K, 92% used [0x00000000f2800000,0x00000000f2e82500,0x00000000f2f00000)
  to   space 29184K, 0% used [0x00000000f4080000,0x00000000f4080000,0x00000000f5d00000)
 ParOldGen       total 121856K, used 77567K [0x00000000a0000000, 0x00000000a7700000, 0x00000000e0000000)
  object space 121856K, 63% used [0x00000000a0000000,0x00000000a4bbfe98,0x00000000a7700000)
 Metaspace       used 96574K, capacity 103038K, committed 103168K, reserved 1138688K
  class space    used 12040K, capacity 13273K, committed 13312K, reserved 1048576K
}
Event: 12362.037 GC heap before
{Heap before GC invocations=58 (full 4):
 PSYoungGen      total 260096K, used 259593K [0x00000000e0000000, 0x00000000f5d00000, 0x0000000100000000)
  eden space 252928K, 100% used [0x00000000e0000000,0x00000000ef700000,0x00000000ef700000)
  from space 7168K, 92% used [0x00000000f2800000,0x00000000f2e82500,0x00000000f2f00000)
  to   space 29184K, 0% used [0x00000000f4080000,0x00000000f4080000,0x00000000f5d00000)
 ParOldGen       total 121856K, used 77567K [0x00000000a0000000, 0x00000000a7700000, 0x00000000e0000000)
  object space 121856K, 63% used [0x00000000a0000000,0x00000000a4bbfe98,0x00000000a7700000)
 Metaspace       used 96614K, capacity 103106K, committed 103168K, reserved 1138688K
  class space    used 12040K, capacity 13273K, committed 13312K, reserved 1048576K
Event: 12362.071 GC heap after
Heap after GC invocations=58 (full 4):
 PSYoungGen      total 247808K, used 4860K [0x00000000e0000000, 0x00000000f4580000, 0x0000000100000000)
  eden space 242688K, 0% used [0x00000000e0000000,0x00000000e0000000,0x00000000eed00000)
  from space 5120K, 94% used [0x00000000f4080000,0x00000000f453f0f0,0x00000000f4580000)
  to   space 28672K, 0% used [0x00000000f0d80000,0x00000000f0d80000,0x00000000f2980000)
 ParOldGen       total 121856K, used 77575K [0x00000000a0000000, 0x00000000a7700000, 0x00000000e0000000)
  object space 121856K, 63% used [0x00000000a0000000,0x00000000a4bc1e98,0x00000000a7700000)
 Metaspace       used 96614K, capacity 103106K, committed 103168K, reserved 1138688K
  class space    used 12040K, capacity 13273K, committed 13312K, reserved 1048576K
}
Event: 12505.795 GC heap before
{Heap before GC invocations=59 (full 4):
 PSYoungGen      total 247808K, used 247548K [0x00000000e0000000, 0x00000000f4580000, 0x0000000100000000)
  eden space 242688K, 100% used [0x00000000e0000000,0x00000000eed00000,0x00000000eed00000)
  from space 5120K, 94% used [0x00000000f4080000,0x00000000f453f0f0,0x00000000f4580000)
  to   space 28672K, 0% used [0x00000000f0d80000,0x00000000f0d80000,0x00000000f2980000)
 ParOldGen       total 121856K, used 77575K [0x00000000a0000000, 0x00000000a7700000, 0x00000000e0000000)
  object space 121856K, 63% used [0x00000000a0000000,0x00000000a4bc1e98,0x00000000a7700000)
 Metaspace       used 96654K, capacity 103114K, committed 103168K, reserved 1138688K
  class space    used 12040K, capacity 13273K, committed 13312K, reserved 1048576K
Event: 12505.843 GC heap after
Heap after GC invocations=59 (full 4):
 PSYoungGen      total 261632K, used 28651K [0x00000000e0000000, 0x00000000f4100000, 0x0000000100000000)
  eden space 232960K, 0% used [0x00000000e0000000,0x00000000e0000000,0x00000000ee380000)
  from space 28672K, 99% used [0x00000000f0d80000,0x00000000f297aee8,0x00000000f2980000)
  to   space 24064K, 0% used [0x00000000f2980000,0x00000000f2980000,0x00000000f4100000)
 ParOldGen       total 121856K, used 77752K [0x00000000a0000000, 0x00000000a7700000, 0x00000000e0000000)
  object space 121856K, 63% used [0x00000000a0000000,0x00000000a4bee340,0x00000000a7700000)
 Metaspace       used 96654K, capacity 103114K, committed 103168K, reserved 1138688K
  class space    used 12040K, capacity 13273K, committed 13312K, reserved 1048576K
}
Event: 12668.768 GC heap before
{Heap before GC invocations=60 (full 4):
 PSYoungGen      total 261632K, used 261563K [0x00000000e0000000, 0x00000000f4100000, 0x0000000100000000)
  eden space 232960K, 99% used [0x00000000e0000000,0x00000000ee373ef8,0x00000000ee380000)
  from space 28672K, 99% used [0x00000000f0d80000,0x00000000f297aee8,0x00000000f2980000)
  to   space 24064K, 0% used [0x00000000f2980000,0x00000000f2980000,0x00000000f4100000)
 ParOldGen       total 121856K, used 77752K [0x00000000a0000000, 0x00000000a7700000, 0x00000000e0000000)
  object space 121856K, 63% used [0x00000000a0000000,0x00000000a4bee340,0x00000000a7700000)
 Metaspace       used 96696K, capacity 103114K, committed 103168K, reserved 1138688K
  class space    used 12041K, capacity 13273K, committed 13312K, reserved 1048576K
Event: 12668.787 GC heap after
Heap after GC invocations=60 (full 4):
 PSYoungGen      total 232448K, used 8427K [0x00000000e0000000, 0x00000000f3200000, 0x0000000100000000)
  eden space 223744K, 0% used [0x00000000e0000000,0x00000000e0000000,0x00000000eda80000)
  from space 8704K, 96% used [0x00000000f2980000,0x00000000f31bafd0,0x00000000f3200000)
  to   space 32256K, 0% used [0x00000000ef300000,0x00000000ef300000,0x00000000f1280000)
 ParOldGen       total 121856K, used 77808K [0x00000000a0000000, 0x00000000a7700000, 0x00000000e0000000)
  object space 121856K, 63% used [0x00000000a0000000,0x00000000a4bfc340,0x00000000a7700000)
 Metaspace       used 96696K, capacity 103114K, committed 103168K, reserved 1138688K
  class space    used 12041K, capacity 13273K, committed 13312K, reserved 1048576K
}
Event: 12915.875 GC heap before
{Heap before GC invocations=61 (full 4):
 PSYoungGen      total 232448K, used 230352K [0x00000000e0000000, 0x00000000f3200000, 0x0000000100000000)
  eden space 223744K, 99% used [0x00000000e0000000,0x00000000ed8b9218,0x00000000eda80000)
  from space 8704K, 96% used [0x00000000f2980000,0x00000000f31bafd0,0x00000000f3200000)
  to   space 32256K, 0% used [0x00000000ef300000,0x00000000ef300000,0x00000000f1280000)
 ParOldGen       total 121856K, used 77808K [0x00000000a0000000, 0x00000000a7700000, 0x00000000e0000000)
  object space 121856K, 63% used [0x00000000a0000000,0x00000000a4bfc340,0x00000000a7700000)
 Metaspace       used 96758K, capacity 103254K, committed 103424K, reserved 1138688K
  class space    used 12042K, capacity 13273K, committed 13312K, reserved 1048576K

Deoptimization events (10 events):
Event: 11747.176 Thread 0x000000001b3e0800 Uncommon trap: reason=unstable_if action=reinterpret pc=0x0000000004094494 method=org.gradle.api.internal.file.pattern.FixedStepPathMatcher.matches([Ljava/lang/String;I)Z @ 10
Event: 11747.176 Thread 0x000000001b3e0800 Uncommon trap: reason=unstable_if action=reinterpret pc=0x000000000404a938 method=org.gradle.api.internal.file.pattern.FixedStepPathMatcher.matches([Ljava/lang/String;I)Z @ 10
Event: 11751.281 Thread 0x0000000024147800 Uncommon trap: reason=class_check action=maybe_recompile pc=0x0000000007418f3c method=com.android.tools.r8.ir.conversion.JarSourceCode.buildInstruction(Lcom/android/tools/r8/ir/conversion/IRBuilder;IZ)V @ 72
Event: 11751.286 Thread 0x0000000024145000 Uncommon trap: reason=class_check action=maybe_recompile pc=0x0000000007418f3c method=com.android.tools.r8.ir.conversion.JarSourceCode.buildInstruction(Lcom/android/tools/r8/ir/conversion/IRBuilder;IZ)V @ 72
Event: 11751.304 Thread 0x0000000024145000 Uncommon trap: reason=unstable_if action=reinterpret pc=0x0000000007a55138 method=com.android.tools.r8.ir.optimize.CodeRewriter.lambda$insertConstantInBlock$9(Lcom/android/tools/r8/ir/code/Instruction;ZLcom/android/tools/r8/ir/code/Instruction;)Z @ 20
Event: 11898.086 Thread 0x0000000021457800 Uncommon trap: reason=unstable_if action=reinterpret pc=0x0000000005cd23a4 method=java.util.concurrent.ThreadPoolExecutor.getTask()Ljava/lang/Runnable; @ 34
Event: 12100.597 Thread 0x000000001b3de800 Uncommon trap: reason=unstable_if action=reinterpret pc=0x0000000005188f9c method=java.util.concurrent.locks.AbstractQueuedSynchronizer.doReleaseShared()V @ 24
Event: 12284.585 Thread 0x000000001f194000 Uncommon trap: reason=class_check action=maybe_recompile pc=0x0000000007418f3c method=com.android.tools.r8.ir.conversion.JarSourceCode.buildInstruction(Lcom/android/tools/r8/ir/conversion/IRBuilder;IZ)V @ 72
Event: 12284.588 Thread 0x000000001f194000 Uncommon trap: reason=unstable_if action=reinterpret pc=0x0000000007a556e8 method=com.android.tools.r8.ir.optimize.CodeRewriter.lambda$insertConstantInBlock$9(Lcom/android/tools/r8/ir/code/Instruction;ZLcom/android/tools/r8/ir/code/Instruction;)Z @ 20
Event: 12505.184 Thread 0x0000000021457800 Uncommon trap: reason=class_check action=maybe_recompile pc=0x0000000007418f3c method=com.android.tools.r8.ir.conversion.JarSourceCode.buildInstruction(Lcom/android/tools/r8/ir/conversion/IRBuilder;IZ)V @ 72

Classes redefined (0 events):
No events

Internal exceptions (10 events):
Event: 12914.109 Thread 0x000000001b3e0000 Exception <a 'sun/nio/fs/WindowsException'> (0x00000000e6543a00) thrown at [D:\src\AOSP-openjdk-cygwin\jdk8u\hotspot\src\share\vm\prims\jni.cpp, line 709]
Event: 12914.110 Thread 0x000000001b3e0000 Exception <a 'sun/nio/fs/WindowsException'> (0x00000000e65443d0) thrown at [D:\src\AOSP-openjdk-cygwin\jdk8u\hotspot\src\share\vm\prims\jni.cpp, line 709]
Event: 12914.110 Thread 0x000000001b3e0000 Exception <a 'sun/nio/fs/WindowsException'> (0x00000000e6546050) thrown at [D:\src\AOSP-openjdk-cygwin\jdk8u\hotspot\src\share\vm\prims\jni.cpp, line 709]
Event: 12914.110 Thread 0x000000001b3e0000 Exception <a 'sun/nio/fs/WindowsException'> (0x00000000e6546a30) thrown at [D:\src\AOSP-openjdk-cygwin\jdk8u\hotspot\src\share\vm\prims\jni.cpp, line 709]
Event: 12915.326 Thread 0x000000001b3e0000 Exception <a 'sun/nio/fs/WindowsException'> (0x00000000e8f0e130) thrown at [D:\src\AOSP-openjdk-cygwin\jdk8u\hotspot\src\share\vm\prims\jni.cpp, line 709]
Event: 12915.326 Thread 0x0000000021457800 Exception <a 'sun/nio/fs/WindowsException'> (0x00000000e8f29bd0) thrown at [D:\src\AOSP-openjdk-cygwin\jdk8u\hotspot\src\share\vm\prims\jni.cpp, line 709]
Event: 12915.339 Thread 0x0000000021457800 Exception <a 'sun/nio/fs/WindowsException'> (0x00000000e9031990) thrown at [D:\src\AOSP-openjdk-cygwin\jdk8u\hotspot\src\share\vm\prims\jni.cpp, line 709]
Event: 12915.342 Thread 0x000000001b3e0000 Exception <a 'sun/nio/fs/WindowsException'> (0x00000000e9063598) thrown at [D:\src\AOSP-openjdk-cygwin\jdk8u\hotspot\src\share\vm\prims\jni.cpp, line 709]
Event: 12915.358 Thread 0x000000001b3e0000 Exception <a 'sun/nio/fs/WindowsException'> (0x00000000e906c028) thrown at [D:\src\AOSP-openjdk-cygwin\jdk8u\hotspot\src\share\vm\prims\jni.cpp, line 709]
Event: 12915.563 Thread 0x000000001f18e800 Exception <a 'sun/nio/fs/WindowsException'> (0x00000000e954e768) thrown at [D:\src\AOSP-openjdk-cygwin\jdk8u\hotspot\src\share\vm\prims\jni.cpp, line 709]

Events (10 events):
Event: 12915.601 Thread 0x000000001f192800 Thread added: 0x000000001f192800
Event: 12915.601 Thread 0x000000001f191800 Thread added: 0x000000001f191800
Event: 12915.602 Executing VM operation: RevokeBias
Event: 12915.611 Executing VM operation: RevokeBias done
Event: 12915.611 Executing VM operation: RevokeBias
Event: 12915.611 Executing VM operation: RevokeBias done
Event: 12915.649 Executing VM operation: RevokeBias
Event: 12915.649 Executing VM operation: RevokeBias done
Event: 12915.747 Thread 0x0000000016baa000 flushing nmethod 0x000000000347b110
Event: 12915.875 Executing VM operation: ParallelGCFailedAllocation


Dynamic libraries:
0x00007ff75bc90000 - 0x00007ff75bcc1000 	C:\Program Files\Android\Android Studio\jre\bin\java.exe
0x00007ffc91e10000 - 0x00007ffc91ff1000 	C:\WINDOWS\SYSTEM32\ntdll.dll
0x00007ffc8f720000 - 0x00007ffc8f7d2000 	C:\WINDOWS\System32\KERNEL32.DLL
0x00007ffc8e8b0000 - 0x00007ffc8eb23000 	C:\WINDOWS\System32\KERNELBASE.dll
0x00007ffc91690000 - 0x00007ffc91731000 	C:\WINDOWS\System32\ADVAPI32.dll
0x00007ffc917d0000 - 0x00007ffc9186e000 	C:\WINDOWS\System32\msvcrt.dll
0x00007ffc8f5d0000 - 0x00007ffc8f62b000 	C:\WINDOWS\System32\sechost.dll
0x00007ffc8f7e0000 - 0x00007ffc8f904000 	C:\WINDOWS\System32\RPCRT4.dll
0x00007ffc8f2a0000 - 0x00007ffc8f430000 	C:\WINDOWS\System32\USER32.dll
0x00007ffc8e890000 - 0x00007ffc8e8b0000 	C:\WINDOWS\System32\win32u.dll
0x00007ffc90f70000 - 0x00007ffc90f98000 	C:\WINDOWS\System32\GDI32.dll
0x00007ffc8e260000 - 0x00007ffc8e3f2000 	C:\WINDOWS\System32\gdi32full.dll
0x00007ffc8e740000 - 0x00007ffc8e7df000 	C:\WINDOWS\System32\msvcp_win.dll
0x00007ffc8e640000 - 0x00007ffc8e73a000 	C:\WINDOWS\System32\ucrtbase.dll
0x00007ffc7a800000 - 0x00007ffc7aa69000 	C:\WINDOWS\WinSxS\amd64_microsoft.windows.common-controls_6595b64144ccf1df_6.0.17134.285_none_fb4297e330656775\COMCTL32.dll
0x00007ffc91340000 - 0x00007ffc91663000 	C:\WINDOWS\System32\combase.dll
0x00007ffc8e1e0000 - 0x00007ffc8e25a000 	C:\WINDOWS\System32\bcryptPrimitives.dll
0x00007ffc917a0000 - 0x00007ffc917cd000 	C:\WINDOWS\System32\IMM32.DLL
0x0000000066f70000 - 0x0000000067042000 	C:\Program Files\Android\Android Studio\jre\jre\bin\msvcr100.dll
0x0000000067b60000 - 0x00000000683a1000 	C:\Program Files\Android\Android Studio\jre\jre\bin\server\jvm.dll
0x00007ffc911b0000 - 0x00007ffc911b8000 	C:\WINDOWS\System32\PSAPI.DLL
0x00007ffc8bb80000 - 0x00007ffc8bb8a000 	C:\WINDOWS\SYSTEM32\VERSION.dll
0x00007ffc85880000 - 0x00007ffc85889000 	C:\WINDOWS\SYSTEM32\WSOCK32.dll
0x00007ffc8b680000 - 0x00007ffc8b6a3000 	C:\WINDOWS\SYSTEM32\WINMM.dll
0x00007ffc8f910000 - 0x00007ffc8f97c000 	C:\WINDOWS\System32\WS2_32.dll
0x00007ffc8b310000 - 0x00007ffc8b33a000 	C:\WINDOWS\SYSTEM32\winmmbase.dll
0x00007ffc8e400000 - 0x00007ffc8e449000 	C:\WINDOWS\System32\cfgmgr32.dll
0x00007ffc79360000 - 0x00007ffc7936f000 	C:\Program Files\Android\Android Studio\jre\jre\bin\verify.dll
0x00007ffc771f0000 - 0x00007ffc77219000 	C:\Program Files\Android\Android Studio\jre\jre\bin\java.dll
0x00007ffc74ae0000 - 0x00007ffc74af6000 	C:\Program Files\Android\Android Studio\jre\jre\bin\zip.dll
0x00007ffc8f980000 - 0x00007ffc90dc0000 	C:\WINDOWS\System32\SHELL32.dll
0x00007ffc90fa0000 - 0x00007ffc91049000 	C:\WINDOWS\System32\shcore.dll
0x00007ffc8eb30000 - 0x00007ffc8f23d000 	C:\WINDOWS\System32\windows.storage.dll
0x00007ffc8f570000 - 0x00007ffc8f5c1000 	C:\WINDOWS\System32\shlwapi.dll
0x00007ffc8e1c0000 - 0x00007ffc8e1d1000 	C:\WINDOWS\System32\kernel.appcore.dll
0x00007ffc8e150000 - 0x00007ffc8e16f000 	C:\WINDOWS\System32\profapi.dll
0x00007ffc8e170000 - 0x00007ffc8e1bc000 	C:\WINDOWS\System32\powrprof.dll
0x00007ffc8e120000 - 0x00007ffc8e12a000 	C:\WINDOWS\System32\FLTLIB.DLL
0x00007ffc6a3e0000 - 0x00007ffc6a3fa000 	C:\Program Files\Android\Android Studio\jre\jre\bin\net.dll
0x00007ffc8d5e0000 - 0x00007ffc8d646000 	C:\WINDOWS\system32\mswsock.dll
0x00007ffc5f030000 - 0x00007ffc5f041000 	C:\Program Files\Android\Android Studio\jre\jre\bin\nio.dll
0x00007ffc8d8d0000 - 0x00007ffc8d8ee000 	C:\Users\Yura\.gradle\native\25\windows-amd64\native-platform.dll
0x00007ffc5ee30000 - 0x00007ffc5ee3d000 	C:\Program Files\Android\Android Studio\jre\jre\bin\management.dll
0x00007ffc8deb0000 - 0x00007ffc8dec7000 	C:\WINDOWS\SYSTEM32\CRYPTSP.dll
0x00007ffc8d1c0000 - 0x00007ffc8d1f3000 	C:\WINDOWS\system32\rsaenh.dll
0x00007ffc8de80000 - 0x00007ffc8dea5000 	C:\WINDOWS\SYSTEM32\bcrypt.dll
0x00007ffc8e020000 - 0x00007ffc8e048000 	C:\WINDOWS\SYSTEM32\USERENV.dll
0x00007ffc8d790000 - 0x00007ffc8d79b000 	C:\WINDOWS\SYSTEM32\CRYPTBASE.dll
0x00007ffc8d360000 - 0x00007ffc8d398000 	C:\WINDOWS\SYSTEM32\IPHLPAPI.DLL
0x00007ffc8f560000 - 0x00007ffc8f568000 	C:\WINDOWS\System32\NSI.dll
0x00007ffc863a0000 - 0x00007ffc863b6000 	C:\WINDOWS\SYSTEM32\dhcpcsvc6.DLL
0x00007ffc86380000 - 0x00007ffc8639a000 	C:\WINDOWS\SYSTEM32\dhcpcsvc.DLL
0x00007ffc5c800000 - 0x00007ffc5c997000 	C:\Program Files\Android\Android Studio\jre\jre\bin\awt.dll
0x00007ffc8f490000 - 0x00007ffc8f552000 	C:\WINDOWS\System32\OLEAUT32.dll
0x00007ffc8aba0000 - 0x00007ffc8b167000 	C:\WINDOWS\SYSTEM32\d2d1.dll
0x00007ffc8b990000 - 0x00007ffc8ba1b000 	C:\WINDOWS\SYSTEM32\apphelp.dll
0x00007ffc8bef0000 - 0x00007ffc8bf19000 	C:\WINDOWS\system32\DWMAPI.DLL
0x00007ffc8bbd0000 - 0x00007ffc8bc68000 	C:\WINDOWS\system32\uxtheme.dll
0x00007ffc8ce80000 - 0x00007ffc8ceb1000 	C:\WINDOWS\SYSTEM32\ntmarta.dll
0x00007ffc8dbe0000 - 0x00007ffc8dda9000 	C:\WINDOWS\SYSTEM32\dbghelp.dll

VM Arguments:
jvm_args: -Xmx1536m -Dfile.encoding=windows-1251 -Duser.country=RU -Duser.language=ru -Duser.variant 
java_command: org.gradle.launcher.daemon.bootstrap.GradleDaemon 4.6
java_class_path (initial): C:\Users\Yura\.gradle\wrapper\dists\gradle-4.6-all\bcst21l2brirad8k2ben1letg\gradle-4.6\lib\gradle-launcher-4.6.jar
Launcher Type: SUN_STANDARD

Environment Variables:
PATH=C:\Program Files (x86)\Common Files\Oracle\Java\javapath;C:\ProgramData\Oracle\Java\javapath;C:\WINDOWS\system32;C:\WINDOWS;C:\WINDOWS\System32\Wbem;C:\WINDOWS\System32\WindowsPowerShell\v1.0\;C:\Program Files (x86)\ATI Technologies\ATI.ACE\Core-Static;C:\Program Files\Microsoft SQL Server\Client SDK\ODBC\130\Tools\Binn\;C:\Program Files (x86)\Microsoft SQL Server\140\Tools\Binn\;C:\Program Files\Microsoft SQL Server\140\Tools\Binn\;C:\Program Files\Microsoft SQL Server\140\DTS\Binn\;C:\Program Files (x86)\Microsoft SQL Server\Client SDK\ODBC\130\Tools\Binn\;C:\Program Files (x86)\Microsoft SQL Server\140\DTS\Binn\;C:\Program Files (x86)\Microsoft SQL Server\140\Tools\Binn\ManagementStudio\;C:\Program Files (x86)\Common Files\Acronis\VirtualFile\;C:\Program Files (x86)\Common Files\Acronis\VirtualFile64\;C:\Program Files (x86)\Common Files\Acronis\FileProtector\;C:\Program Files (x86)\Common Files\Acronis\FileProtector64\;C:\Program Files (x86)\Common Files\Acronis\SnapAPI\;C:\WINDOWS\System32\OpenSSH\;C:\Program Files (x86)\Microsoft Emulator Manager\1.0\;C:\Git\cmd;C:\Git\Bin;C:\Users\Yura\AppData\Local\Microsoft\WindowsApps;
USERNAME=Yura
OS=Windows_NT
PROCESSOR_IDENTIFIER=AMD64 Family 16 Model 5 Stepping 3, AuthenticAMD



---------------  S Y S T E M  ---------------

OS: Windows 10.0 , 64 bit Build 17134 (10.0.17134.1)

CPU:total 4 (initial active 4) (4 cores per cpu, 1 threads per core) family 16 model 5 stepping 3, cmov, cx8, fxsr, mmx, sse, sse2, sse3, popcnt, mmxext, 3dnowpref, lzcnt, sse4a, tsc, tscinvbit, tscinv

Memory: 4k page, physical 4192436k(400584k free), swap 8911028k(2461796k free)

vm_info: OpenJDK 64-Bit Server VM (25.152-b06) for windows-amd64 JRE (1.8.0_152-release-1136-b06), built by "builder" with MS VC++ 10.0 (VS2010)

time: Sun Oct 07 20:53:54 2018
elapsed time: 12916 seconds (0d 3h 35m 16s)

